   347    94   170
   289    52   141
   380   136   261
   237    92   183
   262    57   139
   364     0   112
   650   350   415
   407   182   266
   428   181   399
   351   170   239
   288   149   193
   260     4   141
   329     3   140
   454   197   340
   577    99   325
   403   200   349
   489    73   256
   426   111   283
   367   240   266
   306    92   160
   249    -1    39
   296   278   402
   307   105   239
   628   699   839
   348    33   160
   222    63   124
   200    47   105
   439    -6    67
   326   208   254
   281     1    56
   268   127   313
   311   357   398
   517    49   168
   379   330   351
   241    -6    72
   508    -1   146
   349   253   282
   252    98   204
   555   744   814
   403    -7   129
   423   147   343
   529   700   606
   485   473   510
   415   557   425
   276   246   452
   277   148   140
   439   208   578
   233     1    46
   338   145   201
   177    59   135
   335    39   230
   422   119   217
   383   368   375
   369    10   151
   297   319   390
   464   122   240
   348   468   459
   331   115   263
   296    82   265
   273    86   192
   415     2   135
   247     0   190
   446   -12   174
   371    -2   173
   672   975   947
   559   474   497
   574   568   580
   422   327   443
   349   460   408
   369   339   401
   357   521   505
   216   225   395
   314    30   146
   264   -10    57
   480    25   161
   238    60    82
   270     3    60
   309    87   151
   281    14   105
   302   105   225
   362    62   229
   349    -5   125
   377   334   411
   304    50    93
   394   -28   151
   516   687   747
   376   158   235
   674   842   834
   313    65   140
   464   204   347
   277    64   132
   443   265   433
   261   347   319
   469   239   321
   276   350   302
   336   321   418
   488   718   767
   384     1    84
   340   -25    62
   259    -1   117
   349     2   133
   428   740   813
   388   156   207
   314   119   158
   284    52   120
   406   111   238
   391   248   322
   314     0    88
   488   390   453
   420   206   547
   660  1272  1154
   291    20   233
   303   404   436
   371   498   537
   332    -3    88
   388    25   146
   262   448   422
   345     3   122
   406    48   225
   483     2   165
   392    -3   148
   368     3   165
   339   223   266
   570   443   553
   362    98   176
   280     4    46
   254   140   170
   180    32    88
   340   471   509
   343   272   338
   373   727   606
   330    91   216
   469     8   149
   290     3   143
   689   552   609
   630   264   592
   338   420   482
   504   222   283
   570   204   412
   459   286   417
   621   555   681
   292    49   212
   412     0   112
   187   157   175
   258   106   171
   318    14   175
   472   104   342
   209    90   146
   293     9   150
   586   846   821
   286   100   148
   252   150   175
   432   327   404
   306    74   219
   182   -10   147
   381    14   127
   296    76   138
   292    14   134
   442   107   212
   350   317   350
   491   180   406
   235    82   249
   402   655   708
   532   532   543
   304   220   312
   289   947   878
   328     2   165
   340    58   194
   323   767   696
   563   651   622
   317   235   403
   355   -20   109
   380     2    84
   255     3   107
   457    49   220
   297     3    70
   274    89   192
   581   108   428
   328    -1   112
   256   590   581
   292   139   189
   380   236   311
   226    32    79
   359    95   314
   205     2   122
   521   310   477
   413   194   287
   551   144   377
   399   228   295
   419   702   603
   273    -1   124
   565   890   918
   261    42   107
   394   472   588
   175     4    82
   211     8    50
   242    -7   219
   431  1019  1007
   304    38   162
   221   112   135
   538   161   276
   264    13   189
   334   265   301
   200   176   209
   394   200   304
   442    95   211
   343   413   556
   391    -5   368
   255   154   250
   476    -2   178
   241   107   166
   217    27   102
   376   291   366
   492   393   566
   323   206   233
   261   205   225
   428     0   282
   318     2    52
   395   268   445
   314    70   160
   274    30   111
   584   342   450
   439   400   402
   273   103   124
   294    42   172
   287   607   525
   480    49   296
   572   306   524
   634   296   488
   302    -8    79
   504   242   416
   402    -4   128
   455   644   659
   277   307   309
   621   817   723
   474   309   316
   433   137   204
   520   114   239
   253     4    75
   350    12   167
   414   392   421
   357   468   467
   486   297   404
   533     4   112
   243    53   170
   250   162   244
   294     1    84
   252   235   257
   448   161   290
   253   196   216
   298   131   203
   284   225   222
   288    55   125
   318   168   248
   305    25    91
   239    85   188
   303    -1    95
   537   435   555
   330   730   670
   339   270   298
   315    71   205
   256   629   578
   437    35   173
   322   118   136
   446   233   309
   346     1   140
   447   102   325
   583    17   200
   320     2   104
   306    69   151
   620   610   634
   227   165   306
   447   217   280
   262   158   197
   420     3   319
   354   -20   216
   293    21   128
   458     0   192
   183    98   178
   446   113   358
   530   658   663
   202   308   343
   486     4   222
   444   499   530
   343   573   578
   216   161   181
   320   552   635
   242   134   147
   263     2   127
   499   341   401
   417   120   306
   517   627   883
   252   219   225
   569   367   470
   355   951   809
   204    57   112
   676   555   685
   578   971  1004
   310   407   515
   350     1   127
   373    94   137
   279    33   175
   618    88   380
   542   489   512
   443   238   379
   366   732   752
   253   159   251
   275    -4    88
   431   314   375
   345     7    98
   463   400   567
   312   435   552
   427   221   329
   405   192   266
   418    15   184
   274   114   158
   286    -3    64
   371    13   157
   199   111   102
   242    24   275
   344   165   233
   275    -3   123
   398    -5   180
   448   139   351
   304   379   374
   325    -6   105
   365   191   241
   361   237   307
   313    23   160
   364    73   211
   227   223   285
   417    62   181
   366   149   253
   347   168   255
   366     3    76
   464   199   294
   393   178   274
   292   714   695
   368     6    93
   288    68   140
   420    16   215
   217    78   163
   334   127   182
   343   168   230
   429   279   314
   313   421   393
   458   221   304
   259   106   276
   282    60   124
   462   660   660
   334   164   213
   316   115   216
   424   292   356
   574   291   407
   280   394   404
   202    64    66
   439     1   125
   477   139   313
   259   385   387
   554   328   531
   231   323   294
   442   159   289
   382    -8    79
   391    83   214
   349    38   171
   393    84   214
   503     3   227
   405    -3   189
   187    51    51
   441   292   358
   525   382   412
   321   155   206
   341   142   239
   419     2   141
   248     2    89
   281    53   187
   376   600   574
   711   897   752
   221     1    26
   287   246   292
   294     4    62
   449   223   393
   159    77   130
   536   325   420
   483   454   503
   619   396   620
   295   744   805
   527   178   335
   258   303   315
   337     4   107
   242    29    90
   254     1   151
   295     0    50
   254    12   131
   544   598   621
   199    26   138
   297    29   186
   412   333   317
   484   304   383
   225    -2    68
   268     3    76
   365  1316  1061
   582   197   373
   283    70   141
   234   110   191
   308   326   363
   567   578   637
   298     1   162
   313    -1    85
   328   502   457
   360     1   141
   314     0    57
   581    97   299
   349   -10   139
   203    38   118
   284   318   390
   193    79   120
   374   105   208
   401   204   344
   442   400   634
   359   218   264
   348   178   372
   262     2    78
   345   143   250
   607     7   236
   429   116   231
   257    -1    64
   684   791   863
   366   289   342
   424   116   242
   411   298   427
   298    48   129
   789  1294  1277
   281    63   215
   243   100   143
   282   408   450
   404   297   409
   623   447   541
   352   122   240
   201    19    76
   236    82   117
   410     1   140
   229   215   251
   316    -5   209
   162   115   108
   295   117   220
   353   387   354
   463   117   298
   392   496   527
   609   773   801
   305    32   153
   497   110   348
   341    -3    58
   402   361   395
   371   112   304
   240    31   166
   517   111   298
   213   299   323
   446    -9   338
   333    85   173
   364   155   261
   462   272   326
   303   178   343
   729   650   821
   272    77   135
   438    -3   133
   330   172   219
   515    -3   182
   310   101   189
   463    36   244
   356   243   374
   726   604   720
   383   162   294
   334   165   305
   358   350   376
   390   238   432
   150    68    68
   365   294   381
   230   164   202
   662   483   621
   373    49   192
   414   219   276
   438   342   545
   526   187   402
   451   287   412
   470   340   474
   303   249   294
   377   172   303
   612   416   480
   310   641   531
   453    65   182
   448   551   515
   512   621   783
   342    39   239
   343     9   287
   432   267   359
   187   107   169
   321   295   373
   520   588   629
   404   196   422
   484   245   389
   251    25   122
   572   750   684
   213   112   234
   476   602   658
   260     1   120
   598   683   719
   490   337   377
   476    95   293
   294   258   315
   351     8    70
   360   145   260
   461   536   611
   513    13   182
   436   166   307
   308    95   109
   345   128   267
   281     2   112
   280   143   226
   349    60   246
   402   230   358
   437     0   149
   243    43    65
   718   295   433
   580   590   591
   480   402   476
   184     1    82
   338   137   261
   452    33   356
   635   480   789
   317   356   415
   523   318   473
   272    84   144
   493    79   258
   272    55   123
   423   191   343
   395   253   348
   414   559   684
   552   306   505
   209     6   117
   284    16    83
   387   124   329
   291   574   607
   363    -2   132
   297    44   170
   507    44   158
   320   194   322
   348   234   375
   258    63   122
   390   305   380
   759  1314  1303
   395    40   239
   267    96   248
   518   526   648
   282   103   175
   497   149   270
   428    97   219
   395   192   324
   301   135   267
   328   257   272
   332    49   161
   304   -11   203
   298   105   224
   302     4    90
   460   -10   241
   468   493   633
   516   323   532
   281    -9   202
   472    37   262
   530   419   697
   515    -1   324
   223    14    87
   529   379   512
   346    73   167
   401   372   417
   450   323   479
   551   298   422
   406     1   129
   227    62    86
   407   230   413
   323   520   448
   352   443   494
   168   105   120
   326    35   168
   498   253   487
   420   437   698
   367    68   244
   470     1    97
   354    -5    97
   376   367   538
   342   115   232
   274    40   243
   203    53   172
   324     9   243
   576   319   498
   436   445   477
   377    -8    92
   249   122   216
   380   259   373
   353   547   584
   284     3   160
   467   445   581
   326    36   177
   454   276   393
   449   234   396
   204    40   126
   367   265   390
   285     4   127
   341     5   165
   473   345   389
   392     6    95
   364    -2    77
   391   488   581
   460   223   385
   288   101   135
   419    39   278
   456     0   189
   566   217   410
   314    41   177
   449   279   371
   456   593   683
   334   239   310
   231    22   124
   453   354   410
   544   515   620
   380     4    84
   302    -5   126
   542    54   251
   369   111   240
   202    82   108
   437    69   226
   322   150   367
   466    -2   241
   312   403   445
   555   172   410
   384    80   195
   398   225   324
   370    50   154
   245    32   165
   328   434   506
   347     4    96
   418    -9   141
   336     2   158
   439    96   276
   500   237   309
   497   122   284
   669   929   928
   574   489   733
   496   434   435
   384   425   399
   175    50    75
   318   179   304
   302   505   531
   277    72   182
   343   -12    66
   382    55   265
   308    83   239
   371    87   201
   287     2    91
   338   693   600
   406   511   593
   592   242   526
   497   -21   157
   637   525   529
   398   291   285
   623   565   645
   340   215   286
   544   571   598
   295    49   264
   319   -14    80
   313   161   319
   392    68   200
   242   127   166
   354    74   201
   330   125   279
   309   117   219
   277   263   338
   206    43   126
   368   140   274
   664  1263  1057
   442   123   218
   455   692   762
   377    60   198
   290    42   189
   344     1   155
   376   195   353
   359   211   422
   346   141   221
   403    97   206
   353   402   353
   381   152   261
   475    86   269
   324   404   423
   230    -2    91
   230   106   151
   345     3   235
   243    97   146
   466   139   290
   246   181   254
   318     2    76
   245   110   202
   384   234   316
   260   206   258
   267   272   416
   432   262   373
   377   109   323
   505   115   328
   428   379   354
   361    -1   136
   411    -5    95
   291    -3    84
   298   229   320
   449    65   210
   358   215   285
   380    -8   157
   427   129   201
   303    -4   208
   284   106   279
   441   563   605
   197    33   116
   303   578   599
   300   291   337
   360    -5   182
   626   716   869
   276   346   347
   330    88   216
   298    57   164
   514   292   414
   455   208   347
   397     3    63
   373   410   459
   361   275   339
   352   102   210
   317   -17   122
   372   353   442
   379   133   241
   378     8   146
   350     4   109
   464   221   263
   440    -2   101
   425    35   255
   204   306   439
   273     1    77
   315    60   146
   211   116   172
   436     4   301
   382    66   201
   224   -20   227
   621   264   582
   650   527   603
   310   -20   166
   341    26   219
   312     3   142
   316   134   276
   468    34   362
   462   211   337
   239   174   290
   234   166   204
   182   231   202
   360    10   221
   379   289   306
   457   238   326
   324   120   206
   264    57   116
   651   653   799
   366   380   361
   406   425   504
   462   224   322
   375     2   116
   289     4    78
   485   294   413
   290   268   288
   376   163   272
   366   109   177
   275    -2    28
   294    -3    40
   218    42    97
   263   423   475
   385     2   110
   366    71   203
   344    36   200
   308   235   268
   408   584   637
   493    35   252
   427   115   276
   469   138   190
   282    30   133
   244   321   326
   367   232   303
   240    10    77
   248     6   164
   424   105   273
   387     3   144
   358   128   207
   372    -1   223
   277    -4   162
   259    18   147
   352   381   414
   452    10   247
   401   102   277
   561   374   544
   426     3   176
   248    28   142
   183   186   217
   280   107   216
   287     3    93
   490   193   392
   369     2    31
   289    -4   283
   428   400   454
   326   132   263
   427     4    86
   426   105   237
   233     4    98
   437   147   272
   399    35   243
   232    20   100
   314     4   137
   280   162   289
   310    67   164
   442   414   497
   389   124   223
   368   598   589
   290   275   361
   378   499   547
   277   478   566
   310    22   175
   277   184   329
   354   107   248
   318    53   121
   459   378   386
   321   170   273
   433   272   420
   306    93   238
   477    46   262
   260    19   152
   254   138   150
   342   -13   135
   395   804   891
   299    24   105
   291   171   269
   373    -2    34
   282   171   396
   321    90   163
   447     2   165
   342     4   239
   327    -5   160
   283   114   229
   247   169   200
   271    -8    77
   309    42   165
   501   356   443
   278    21   135
   272   281   297
   274     0    65
   476    99   420
   362   299   379
   410    77   248
   499   216   449
   454   151   368
   730   210   489
   347    10   189
   292   530   458
   357   127   227
   248   140   246
   447   701   711
   319   306   276
   285   546   527
   383   219   287
   207    64    89
   382    59   234
   447    78   278
   447   321   461
   340    -6    87
   294    38   199
   196   293   318
   432   636   680
   310     4    80
   492   287   404
   345   203   292
   363    53   325
   340   150   206
   331     2   157
   233    19   130
   333    -7   132
   402   253   426
   343    -1   174
   361     0    81
   367    82   287
   464     4   118
   275   -14   152
   340   360   372
   245    -3    78
   548   171   352
   311    34   194
   421    88   191
   462   242   367
   403    89   144
   326   -15    62
   399    53   209
   270    70   187
   334    44   227
   318    67   222
   299   268   392
   424    54   180
   157    69    86
   442     4    98
   363    92   231
   424   317   302
   267   244   240
   384   224   341
   294    56    85
   380   435   479
   273   387   527
   439   245   311
   377   103   244
   375    -1   175
   307    83   163
   551   234   360
   393   245   365
   294   253   317
   328    31   134
   413   250   305
   226   354   323
   521   270   312
   415   116   334
   288    32   132
   324    13   185
   591   609   645
   420   516   470
   339    37   109
   532   368   393
   248    -2    86
   307    39   159
   279    18   208
   351   226   292
   276   103   247
   344    -2   163
   268   352   372
   417   220   310
   394   434   558
   237    16   112
   528    66   295
   426   503   516
   362    -7   146
   289     2   295
   386   517   462
   358    76   189
   488     3   234
   343   115   258
   398   195   276
   316    41   160
   438   202   246
   259   633   528
   211   157   271
   250    25   119
   281   167   189
   255   149   217
   297    61   147
   550   757   815
   353   123   213
   311     1   121
   446   204   310
   222    74   110
   287   105   213
   526   805   753
   481   186   412
   513     3   179
   395   289   349
   381   194   343
   329    15   134
   410    55   254
   401    -1   137
   382     1    96
   193   139   191
   624   468   557
   232   128   171
   457   312   466
   260    16    89
   334    13   165
   290   202   294
   373    28   202
   390   -19    71
   441    39   239
   357   276   302
   558   232   394
   324   248   416
   379   282   355
   500    29   295
   283   110   261
   362    31   159
   438   248   258
   580    50   349
   301     2    44
   527   230   470
   166   177   220
   635   756   949
   222    54   134
   481   333   405
   171    58    85
   275   131   243
   321     2    94
   350    31   145
   220    66   112
   258    17    69
   308    73   242
   311   217   369
   277    47    93
   315    29   104
   538   223   409
   224    78   123
   231   164   176
   314   114   252
   351    72   245
   287     4   123
   359   510   466
   251   158   177
   399   124   230
   202    19   198
   388   213   254
   392   210   380
   601   702   919
   410    58   191
   219     3    54
   276    11    75
   448   362   450
   278   572   603
   332    49   195
   424    83   296
   331     4    47
   469     6   224
   295    -5   126
   218   322   292
   372     4   268
   402   569   506
   459     1   112
   322    70   255
   373   131   342
   258    13   170
   538   701   761
   337   619   686
   229   -11   103
   197   142   216
   489     3   205
   406    21   176
   433    35   273
   311   100   207
   472   475   484
   235    90   152
   332   598   571
   282    66   150
   243   173   193
   363    -6   218
   369    58   230
   546    77   192
   469   284   396
   548     1   179
   341    10   184
   407   163   271
   362   207   308
   480   127   365
   329   531   483
   272   196   260
   707   349   519
   357     3    63
   310    -4   105
   510   248   340
   277    39   210
   284     6   137
   481   432   437
   276     0    67
   454   303   425
   256   245   302
   522   514   514
   394    80   190
   284   251   298
   255   228   288
   360    36   216
   273    61    95
   339   128   194
   461    45   240
   487    -2   227
   361   189   321
   418   120   313
   241    62   100
   507   174   398
   363    61   258
   295   243   254
   339    -2   120
   400   574   577
   284    34   195
   246   290   299
   464   403   441
   317    58   195
   313   219   302
   583   143   344
   525   106   370
   357   127   132
   264    41   170
   438    59   187
   288    47   137
   481   240   412
   295   115   190
   882  1961  2118
   285   180   297
   390   123   236
   390    39   261
   228    96   240
   437   722   750
   332     2   104
   446   193   430
   415   361   519
   259   347   339
   464   307   396
   286   233   251
   526   468   489
   453   339   489
   469    -8   103
   539   182   315
   319   183   234
   523    80   293
   551   206   401
   234    71    96
   345     1   232
   316    21   120
   314   193   306
   259   245   283
   398   189   330
   385    81   250
   412   187   286
   319     2    45
   644   809   784
   305   143   243
   374     2   139
   228    41   156
   384   134   274
   487    60   306
   379    86   276
   490   580   754
   306    -2    87
   344    64   188
   301   166   160
   308   192   283
   365    25   188
   331   172   224
   334    58   148
   357   279   242
   324   277   311
   206   121   179
   314    39   134
   355    60   162
   303    92   226
   489     0   123
   599  1571  1577
   419   186   334
   317    32   180
   339   187   283
   439   275   396
   365     6   113
   558   269   472
   262     2   145
   264   219   395
   492    24   255
   194    29   136
   451    41   196
   226    91   169
   303   520   536
   376     4    97
   359   406   516
   355   271   354
   454   504   520
   365   568   485
   367    92   246
   374    -8   108
   344   269   398
   232   116   239
   280   310   329
   368   649   588
   378   524   574
   346    24   235
   245    71   227
   313    34   186
   265    -1    82
   329   209   216
   266   233   337
   291   481   440
   263   186   259
   231    -9   153
   168   207   199
   369    57   330
   406   762   686
   282   242   271
   231   315   301
   356    58   133
   369    21   229
   278   124   207
   380   125   215
   553   412   519
   541   335   453
   511   546   626
   432   224   313
   328   337   359
   304   -18    79
   769   306   442
   336   388   392
   334   104   216
   330    50   165
   315   510   684
   533   -17   170
   377   540   611
   543   300   440
   257    33   133
   417   384   430
   332    64   198
   279     9   131
   436   294   374
   416    80   233
   435   365   432
   418    -7   193
   371   333   379
   311    28   107
   438   346   405
   332    56   174
   373     0   127
   255    87   164
   421   396   585
   793   685   940
   229    61   265
   633   623   679
   208    43    87
   401   477   432
   608   569   621
   377   320   385
   416    59   296
   418   166   302
   368   107   178
   292     1    62
   575    78   295
   529     1   235
   321   279   284
   616   233   354
   335   132   237
   295    34   142
   229   -12    93
   425   -17   143
   267    40   123
   392   108   228
   281    -2   183
   351   361   386
   397    -9    81
   463   176   321
   520    -2   141
   310   494   571
   502   712   694
   230   156   224
   333   382   458
   303   105   192
   410   392   446
   295   139   220
   405   291   395
   440   593   642
   237   154   212
   529   249   342
   372     2   211
   386   613   540
   264   145   159
   278   816   773
   344   409   498
   496   370   408
   481   487   488
   501    70   381
   482   763   826
   376    24   171
   444     2   170
   551     1   182
   406   308   349
   441    21   209
   335     1    62
   358   455   531
   371   193   263
   405   164   299
   337   288   335
   344    42   251
   483   690   713
   360    -4   104
   433   105   244
   383   367   468
   265     0    76
   405   224   314
   311    -6   150
   264    40   165
   493   293   468
   307    -1    62
   559   606   624
   222   155   200
   481   283   365
   321   145   190
   466    25   220
   433   560   606
   280   234   265
   268   134   207
   417   278   321
   267   104   151
   471    84   378
   444   312   469
   251    -4    87
   426   670   769
   546   542   635
   449     3   205
   285   255   315
   245     5   142
   571   441   551
   220   213   337
   461   111   317
   293   223   267
   248   240   250
   363   373   373
   265    94   103
   456   889   858
   342   207   300
   504   199   467
   299   514   489
   262    61   162
   547     3   230
   349   166   229
   579   216   365
   327    -6   166
   277   250   334
   447   194   279
   544   322   442
   323   109   203
   271    54   127
   325   266   387
   372    -5   103
   463   404   359
   285    69   194
   359    16   111
   302    84   232
   333     2   158
   584   502   747
   331   209   321
   501   195   360
   364   214   342
   375    38   154
   375   503   637
   295    99   174
   339   215   233
   389   190   216
   326    -4    81
   321    42   177
   466   202   317
   525   309   478
   206    52   101
   406   405   491
   296   130   187
   204    14   212
   328   249   313
   350    10   136
   312   242   325
   306     1    89
   305    -6    69
   652   993   910
   428   100   296
   370    19   104
   136    52    64
   411   795   690
   482     0   148
   276    42   178
   404   190   384
   407    59   190
   437     1   146
   381   163   339
   338     3   159
   419   150   310
   371   470   508
   640   297   580
   349   246   326
   330     2    86
   397   500   551
   425    58   243
   462   108   247
   372   577   581
   213   201   276
   408   443   504
   491   261   426
   305    -2    98
   192     1   126
   375     0   176
   358   351   343
   422   267   396
   254   101   205
   437  1237  1069
   477   -14    89
   317    32   132
   553   355   577
   360    -5   123
   270    -3    69
   336   162   330
   372   370   391
   358   405   462
   532   150   269
   438    -2   130
   302   269   330
   271   242   298
   404   -17   176
   316   255   343
   302    80   174
   306   213   284
   407    10   166
   752  1575  1451
   467   123   270
   438     4   210
   482   896   718
   431   187   340
   353   270   249
   260    72   202
   330    10    98
   642    -6   189
   451  1426  1254
   407   -12   127
   542   196   378
   413    -4   190
   276   189   415
   412     6   162
   395   136   276
   347   334   347
   378    -1   131
   329   309   352
   365    36   150
   491   -12   241
   197    45    86
   284     8   130
   573   289   503
   297   239   383
   383   422   480
   177     3    87
   384     0    72
   296   315   415
   340   289   315
   383    84   214
   388   252   314
   230   125   142
   369   162   186
   187    28    50
   329   161   199
   413    -1   133
   407    -5   208
   377   370   387
   472   199   418
   279   124   175
   520     4   221
   443   263   308
   281     2    84
   359   220   247
   344    35   197
   350     3    80
   425    -9   199
   349   339   461
   389    14   134
   366   569   525
   383    67   186
   270   123   182
   367    52   203
   358   170   244
   262   261   348
   270   246   309
   302    25   228
   357    40   169
   252    12    79
   210    11   124
   332    58   147
   341   120   170
   302    11   109
   313    90   182
   263    40   101
   390   235   333
   267   462   425
   343    -9    84
   279     3    94
   499    86   283
   468     0   268
   534    83   260
   255   -19   109
   544   745   881
   212    30    50
   357    44   201
   433     0   145
   230   105   184
   322    -1   130
   472   411   473
   484   107   266
   611   617   641
   489   531   743
   343   138   239
   232   102   182
   495    10   206
   661   362   622
   375    29   172
   411     3   273
   263   101   133
   393     2   169
   308     6    60
   393     4   144
   236    -2   108
   366    -7   141
   615   431   580
   460   171   300
   427   -16   141
   357    27   210
   453  1029   831
   599   961  1047
   247     4    94
   524   752   759
   296     2   114
   377   456   480
   317   458   368
   266     3    53
   253   186   197
   592   295   457
   390     3   189
   230    86   110
   384     5    92
   265     2    81
   309   407   372
   410    88   239
   223   269   334
   339   219   262
   278   125   166
   254    13    43
   337     3   177
   234    86   110
   235    25   100
   535   406   541
   327   400   341
   672   269   562
   248   192   208
   424    74   322
   290    82   226
   261     1   138
   209    90   216
   254    65   153
   222   211   216
   412    63   210
   356   115   181
   349   284   345
   306    94   193
   423   560   551
   239    21   139
   709   100   327
   375     4   116
   315     1   114
   384    27   252
   459   -32   223
   216   156   285
   508   548   534
   443   414   427
   282   249   370
   357   376   435
   429   398   426
   589   148   347
   332   176   271
   539   246   391
   314    19   141
   365   -16    97
   297   233   391
   391     4   126
   356     0   142
   272   151   236
   320     2   125
   480   563   584
   328   299   344
   409   283   426
   304    15    45
   323   183   306
   451   786   889
   552   453   475
   356    18   137
   290   326   383
   293    84   129
   470   230   512
   298   244   251
   392   377   512
   310   157   177
   254   107   204
   338    -3   143
   248   272   314
   284   403   449
   525    -1    88
   345   218   246
   264    -3    79
   202   172   251
   454   454   516
   543   129   271
   255    38   222
   506   269   322
   551   457   557
   498   355   434
   414   139   219
   302   141   245
   346    49   265
   545   203   386
   452   214   353
   407     0   172
   414   116   308
   356    38   182
   490    55   301
   236    35   162
   254     1   116
   288    23   223
   227     2   116
   355   197   326
   275    -2    78
   455    76   190
   553   398   407
   279   -13   103
   320   283   333
   310    35   184
   281   -11   168
   405   258   331
   350  1089   946
   325    72   188
   300   109   239
   424    45   246
   552   271   404
   306     2    79
   331     0    81
   560   128   362
   300    -2   196
   249     3   144
   304    82   103
   381    48   139
   368   175   371
   298    25   208
   482   390   531
   251     1    81
   432    33   304
   433   185   239
   277    63   121
   408   170   360
   511   834   853
   622   857   849
   291   832   658
   349     6   203
   496   105   240
   651   627   747
   274     2   144
   292     2   121
   365   337   481
   481   503   481
   259   271   343
   366     7   120
   560   373   517
   284   191   221
   168    12   105
   245   125   196
   312   601   764
   412   233   307
   393    10   136
   307    12   229
   486   376   427
   611   121   324
   366   126   206
   495    95   218
   261   209   246
   223   376   333
   303     3   228
   444   436   419
   314   209   293
   199    89   164
   389   100   235
   260     8   152
   514   111   254
   296     3   165
   287    88   206
   262    79   203
   560   391   548
   325     7   177
   402    -4   113
   205    41   115
   350   -13    73
   370    -1   127
   546   485   580
   363   141   274
   484   118   315
   420     0   140
   688   404   487
   235    47    94
   263     0   100
   387   328   361
   332     4   212
   252     4   153
   421   151   236
   387   -11    64
   461    63   282
   476   172   331
   342   242   312
   421   321   460
   495   745   848
   394   921   905
   483   311   473
   346   292   289
   362   452   415
   256    13   155
   377   450   435
   377   407   536
   358   -15   169
   387    26   161
   195    38   108
   406   589   554
   418   117   302
   503   224   395
   438   267   349
   365    50   159
   352   126   250
   471     0   173
   329   147   281
   406   219   293
   432     4   215
   190    60    60
   315   -11    64
   627   450   494
   434   111   215
   533    -4   297
   485   296   417
   339   247   288
   392   149   363
   416     0   122
   425   801   740
   301     6    83
   262   179   230
   298    75   142
   426   611   540
   198    67    91
   349   153   295
   356    38   162
   189   173   166
   384   -10   145
   346   146   289
   317    -1    78
   261   185   214
   503   419   512
   373    30   170
   443    -4   125
   553   385   443
   160   169   249
   391   168   266
   392   177   250
   320    49   210
   220    13    76
   356    -3   161
   392    29   142
   596   455   548
   306     7   108
   726   266   549
   374     4   165
   330   -12    96
   409   416   450
   407   423   452
   629   894   850
   362   133   248
   438   347   379
   349    -8   186
   356    87   234
   331     2    94
   476    54   177
   535  1033  1045
   277     0   146
   342     2   106
   481    -5   217
   615     0   263
   432   140   216
   367   275   446
   394   325   473
   208   422   383
   542   616   616
   276   187   223
   354     1   134
   276    26   146
   507   175   274
   362     4   116
   439   361   505
   255   169   184
   352   322   297
   454     5   216
   424     0   116
   368    -4    65
   314     0   133
   467   481   565
   409   261   401
   282   259   261
   444   223   311
   422   173   224
   603    71   244
   365   440   541
   396   283   273
   230   242   229
   410   127   202
   306     1    95
   482   413   523
   520   539   723
   374   141   284
   262    53   169
   231    71   224
   286    66   156
   367   303   368
   258   137   215
   580    99   372
   508   119   254
   305    -6    61
   411   524   496
   236   134   156
   508    68   268
   370    56   166
   788    78   431
   179   105   145
   359     7   184
   489    53   242
   359   210   355
   380     4   101
   331     1    50
   312    39   165
   394    -3   189
   297   147   218
   412     1   141
   368   259   329
   414   284   338
   370   686   805
   209   125   167
   547   508   563
   394   204   350
   282   136   183
   442   656   638
   257   367   377
   413    32   177
   320    -3   136
   347   397   433
   417    41   184
   327    50   164
   392   322   492
   332   201   287
   416   174   285
   381     1    71
   305   157   306
   663   408   578
   430     2   156
   344    22   115
   374   284   529
   350    73   337
   289    10   141
   273   285   282
   285    41   202
   213   304   383
   380   367   367
   397    -3   228
   371   255   396
   291   391   505
   274    64   135
   335   127   424
   372     0   118
   427   112   248
   262     0    79
   321   361   361
   415   180   273
   418   330   380
   303   206   271
   404   321   372
   264    50   187
   316   194   365
   586   144   317
   492   196   308
   434     2   137
   328     3   120
   259    -2   128
   450    19   171
   414   191   301
   311   112   203
   490   524   609
   293   179   311
   580   583   724
   371   331   361
   342   118   218
   386   472   524
   372   110   265
   299   248   391
   808   395   583
   395   358   473
   443    16   164
   280    92   176
   311     3   166
   319     2    88
   421   152   280
   371    15   170
   314   114   257
   328   264   407
   336   200   262
   458    -4   235
   400   -10   269
   346    -7   107
   570    98   350
   361    94   219
   246   106   201
   319    -4   209
   378    85   145
   395   565   644
   325     1   137
   376   -13   275
   308    -7   183
   319    98   141
   429   349   375
   347   268   307
   358   248   339
   332   242   298
   461   -11   162
   354    76   210
   344     1    99
   284   205   303
   390   304   399
   475    63   257
   341   117   305
   428   138   175
   335   251   323
   310    22   107
   377    84   197
   343   451   473
   371   100   241
   389    94   182
   319   255   317
   205     8    71
   293   149   152
   601    66   320
   372   181   495
   504   224   330
   433   404   431
   435   789   771
   429   410   523
   545   665   572
   270   121   256
   501   318   350
   360   549   474
   223    -9   122
   505   426   453
   351    -7   116
   320    91   206
   372   105   213
   355   163   310
   593   787   668
   205    33    77
   333    -9   102
   455   132   344
   207     4   132
   225    31    63
   527   326   447
   332   131   291
   531    88   278
   424  1179  1105
   305   125   185
   420   109   303
   344   404   458
   392   170   238
   446   484   458
   499   135   245
   360    46   148
   418   347   314
   320    36   115
   343   316   449
   338     4   104
   447    99   172
   497   606   660
   474   264   373
   338   458   477
   368   146   261
   295   140   277
   325     0   217
   351   -14   138
   373   144   214
   372     2   185
   301    42   116
   278   180   239
   400   -14   231
   372   169   182
   476    -1   150
   231   283   351
   396   105   211
   343    50   164
   366    -6   188
   290   309   426
   393    -3    42
   259   -12   161
   413   172   301
   413   405   374
   293   288   327
   487    -2   350
   378    55   201
   284    29   120
   334    64   247
   421     2   185
   521     0   155
   380    62   202
   469   161   281
   278     3   168
   236   377   311
   435    76   291
   338     3    80
   382     4   228
   350    95   205
   760   357   507
   363   116   231
   523    65   289
   318   168   252
   487    -8   150
   282   -22   248
   249    85   169
   451     1    92
   358    -1    73
   512   309   400
   330   318   412
   440   205   235
   277    -8   125
   281   225   207
   513   309   515
   383    55   142
   561   259   404
   273   106   178
   425   333   337
   571   635   656
   292   577   482
   409     3   283
   329    -7    84
   238   512   625
   314     3   100
   463   452   515
   587   573   678
   368   155   279
   290   108   200
   405   202   362
   299    -5    72
   529   299   410
   519   232   301
   172    15    62
   305    44   167
   230   112   220
   404   241   411
   482   374   446
   338   170   230
   502    60   274
   171   168   188
   297    17   183
   616    -1   264
   526   433   509
   354     5   179
   319    30   147
   258   194   329
   438   590   585
   334     2   165
   481     5   180
   301   507   439
   293   122   231
   236     8    87
   228    20    52
   433   226   402
   365   119   216
   483   817   784
   238   101   122
   597   431   599
   398     3   150
   461   324   400
   553   492   507
   350    55   220
   231   183   264
   229   502   383
   386   119   209
   560   426   520
   465   -15   258
   435    45   121
   364   593   710
   335   148   212
   564   263   449
   259     4    96
   315   154   251
   306     1    58
   533   254   421
   394   146   248
   262    -2   134
   360   203   295
   386   388   419
   655   653   555
   319    -4    92
   595   334   612
   270    12    42
   227    96   140
   563   644   721
   451   717   784
   404    99   267
   355   196   372
   558   473   579
   320    82   313
   518   154   324
   356   297   319
   307   124   211
   631   573   602
   316    78   201
   569   354   527
   334     4    69
   490   615   734
   344   -10   106
   572   473   663
   493    42   119
   520   483   573
   411   319   371
   272   255   395
   399   237   338
   478    -1   145
   432   327   361
   509    -5   120
   559   741   828
   282    61   110
   460   337   477
   354   104   209
   179    54    78
   471   -10    68
   441   507   678
   707   791   934
   181   127   189
   351     4   121
   200   162   191
   355    36   148
   259   287   340
   203   152   245
   243     1   103
   357    59   145
   616   953  1040
   404   372   457
   287    61   201
   369   339   432
   550   491   557
   398   140   199
   310   109   142
   410   209   354
   600   422   476
   396   267   374
   223   175   201
   201   140   128
   339   415   421
   327    22   195
   358   233   310
   440     1   102
   422     2   122
   273    12   131
   377   -11    91
   344    26   102
   296   121   229
   475   673   657
   278   187   293
   382   286   414
   411   312   398
   439    -5   134
   494   213   298
   498   279   424
   376   201   242
   325   -11   138
   446   133   315
   280    81   197
   320    41   185
   465    -1   143
   301   187   244
   318    -7   118
   407   115   228
   250    29   162
   343     4   131
   339    98   271
   607   702   669
   355    74   169
   533    48   202
   644   701   856
   377    25   192
   460   139   254
   305   153   251
   450    32   190
   303    81   173
   561   591   588
   256   128   175
   228    32   101
   395   218   304
   298   236   340
   539   250   390
   340   413   480
   321   148   248
   493    61   193
   622   911   912
   612   437   718
   325     1   184
   494   190   410
   260   233   382
   524   525   488
   400     5   201
   284   -12   100
   466   319   393
   354   190   219
   232   135   182
   287   310   360
   324    49   145
   372     0   105
   612   459   473
   427   264   403
   307   489   444
   312   113   156
   402   -16   207
   288   224   316
   506   721   745
   356     1    98
   440   485   511
   306    -3   164
   414    15   244
   332    -2    73
   316     2    71
   178     2   107
   214   184   298
   536   696   586
   503   423   552
   433    24   133
   444     3   170
   667   151   402
   381   384   496
   160    47   121
   510   377   532
   590   417   623
   428    43   140
   462   542   518
   343   423   399
   588    68   313
   307    25   190
   274   131   156
   286     2    93
   382    86   282
   407    62   231
   540   204   451
   314   435   401
   382   -10   299
   389   228   276
   375    23   217
   453   273   376
   374     5   136
   210    13    93
   440    60   161
   387   251   311
   316   403   512
   713   586   574
   549   405   435
   317    95   183
   307     2   179
   408   461   459
   305   153   238
   363   189   259
   340   165   328
   457     4   133
   427   128   220
   309   183   306
   345   430   526
   240    11    80
   332   204   310
   514   171   327
   318     0   107
   363   467   499
   334   163   212
   390   274   392
   216    15   197
   539   622   662
   303    39   113
   261    -8    54
   376    36   182
   354   201   375
   306   187   223
   295    -1   105
   273     2   101
   297     0   115
   494    70   275
   329   320   383
   358    31   146
   399   151   323
   465    89   260
   352   228   369
   374   257   402
   348    33   182
   250    -7    48
   239    -7    89
   545     1   138
   351   117   256
   242    13   144
   370   170   270
   335     3   185
   528   254   477
   331    48   172
   358   422   454
   322   265   371
   385    -2   234
   232   391   372
   519   219   441
   387   691   768
   420   398   439
   430    41   202
   343    70   206
   263     4   133
   416     3   124
   296    26   145
   304     1   178
   243   227   264
   395    54   154
   482    -4   183
   618   265   326
   345    23   181
   230    86   145
   188     1    87
   381   514   534
   519   326   395
   327    57   145
   779  1206  1120
   397   436   450
   269    76   112
   781   506   641
   284    17    71
   323   409   434
   457     8   168
   453     1   144
   355     3    82
   337     8   130
   297    45   124
   480   321   365
   491   312   371
   206    36   122
   392     3   243
   540   497   510
   326    82   161
   260   181   232
   262   146   249
   455   531   576
   217   216   256
   363    33   127
   276   213   240
   254    61   107
   177   130   242
   453   913   904
   468   114   244
   478   517   563
   217    -1   120
   573   152   321
   347    29    72
   334     8   237
   229    26   212
   323    41   122
   331   252   278
   406   201   372
   212    15   139
   549   672   754
   276    86   189
   287    52   157
   519   153   440
   464   213   359
   439   110   299
   258   309   343
   415    61   224
   291   156   273
   349   329   353
   248    -7    56
   444   789   794
   274    92   177
   539   776   907
   328   255   307
   436   644   635
   478    69   286
   618   637   680
   370   136   266
   371    62   125
   428    80   234
   575   372   687
   499     4   229
   284     5    57
   412   575   630
   403   280   352
   196   144   236
   350   416   424
   212    80   210
   529    71   244
   521   732   599
   295   110   220
   447   305   387
   595   746   663
   358    -2    75
   533   218   311
   286   101   114
   442   206   339
   421   266   291
   254     4    86
   404   137   286
   264     4    99
   484   138   299
   388    33   137
   608   483   607
   523    -4   186
   358    -4   218
   543   -24   247
   309   266   281
   578   199   439
   629   433   581
   652   440   507
   375     2   166
   485   302   425
   203   114   163
   444     2   202
   244    28   118
   446   222   273
   376     0   120
   433    13   242
   388    -1   125
   299    38   181
   365   137   205
   225     4   151
   463   642   610
   402   229   418
   224    99   168
   265     9    84
   283     1   123
   355   631   578
   393   184   298
   317    -1   169
   461    22   239
   316    54   155
   370  1012   886
   326   468   459
   252    -1    72
   214     0    40
   434   289   410
   571   727   820
   518   285   455
   311   357   424
   375   100   293
   290   514   438
   316    -5    61
   166    68   244
   375    53   174
   288   149   213
   395     0   201
   429   847   803
   384   190   194
   278   258   284
   241   428   457
   347   156   287
   563   227   361
   348    62   277
   336   645   630
   410   450   504
   439   101   281
   436    72   259
   503    76   338
   253   349   426
   304    -9   100
   303    -6   113
   287   464   533
   290     3   102
   230    40   169
   574   303   396
   381    60   143
   455   344   486
   418   660   597
   281   259   305
   350     3   121
   291    31    96
   354     0    76
   526   677   704
   347   340   340
   451     3   188
   337   589   548
   440   404   471
   463    77   224
   758   496   684
   262   591   656
   300    37   188
   256     3    53
   529   365   456
   208   463   403
   460   263   434
   440    77   212
   336   449   436
   228   150   151
   504   222   366
   308   406   456
   232    41   204
   417    20   157
   380   110   192
   305    14    64
   410   802   698
   215   274   338
   292   181   238
   408     3   140
   342     4   163
   401    17   211
   447   222   338
   323    99   182
   333    -2   134
   527   373   420
   206   364   337
   424    74   193
   430   112   200
   357    62   149
   446   114   196
   393    51   254
   524  1358  1196
   362    64   146
   265   209   411
   309   162   229
   373    -1   113
   329   -15   171
   347   366   351
   313   368   375
   421   100   311
   290    60   137
   354     1    34
   444   236   335
   502     2   168
   501   687   669
   519   104   197
   440   349   424
   269     4   105
   222    75   111
   473    46   346
   409     3   137
   401   248   347
   336   276   334
   380   345   409
   241   297   315
   224    55   104
   550   168   368
   212     6    75
   446   148   346
   423     1   314
   339   105   290
   465   528   648
   233   164   181
   437    45   191
   234    28    60
   363     2   220
   450   371   568
   305    67   204
   397   318   406
   222    -3    73
   326   114   207
   267     6    82
   431   230   273
   585   502   741
   496   510   629
   384   171   293
   296     2   161
   514   156   456
   402    92   289
   420   135   386
   272    -4   112
   254   154   231
   210   230   300
   233    -3   104
   425   426   475
   282    51   110
   395     0   140
   372   -13    40
   428     0   144
   578   143   411
   169   183   220
   407    75   275
   594   295   398
   489   229   390
   273    39   116
   512    -9   433
   505   171   293
   569   590   640
   425   110   334
   327   -19    48
   420   212   336
   525   412   459
   400   950   853
   430   347   449
   337    40   131
   468   370   500
   437   558   563
   378    31   126
   521   708   698
   559    36   301
   481  1083   892
   310   127   216
   470   675   658
   419    -7    82
   355     2   134
   358   414   411
   541   232   376
   582   297   512
   431     1   218
   654   334   430
   486    70   268
   216   100   232
   416    41   258
   277   353   551
   419     3   100
   296     2   151
   334   180   225
   449    81   272
   354     3   151
   468   141   368
   292    74   168
   418   222   444
   318   107   220
   434   227   342
   446   138   347
   484   330   479
   261    -3    44
   202   110   176
   278    16   165
   567  1369  1258
   389     3   234
   426   131   248
   419   421   444
   518    71   279
   347   138   309
   290   283   275
   434   347   492
   376   266   348
   231   181   156
   564   262   361
   225    24    81
   411    -6   219
   344    -1   108
   449   217   431
   405   279   356
   438   436   436
   246   426   451
   537    82   446
   313     3   120
   421   374   474
   267     8    72
   307   131   222
   428   149   342
   294     4   178
   665   176   593
   413   868   810
   279    -6   155
   412   172   327
   277    26    81
   569   494   578
   365     2    96
   332    78   208
   419   274   350
   436   552   586
   246    11    89
   323    15   205
   407     0   176
   322    90   167
   397    68   156
   718   270   414
   282   193   223
   222     2   100
   368   298   350
   311    -5   108
   682  1088   997
   373   162   243
   551   234   330
   317     4    71
   225   252   255
   591   557   646
   304   368   372
   314   159   235
   365   -27   215
   546   120   306
   245   318   408
   383   192   232
   495  1765  1508
   312     2   100
   358   -22   217
   436    -5   227
   293    -3    74
   273   330   362
   327    19   119
   477   224   392
   369    -3   217
   244    32   126
   454   210   287
   397    75   222
   407   519   558
   489    -4   116
   222   478   488
   311   194   243
   284   315   409
   607   550   695
   340    -2    98
   230    19   205
   264    14   133
   330   293   357
   401   107   157
   655    10   274
   390   506   434
   375   159   203
   705   658   730
   525   608   653
   724   631   723
   485   585   666
   498    54   234
   399   429   376
   379    -1   148
   212   144   234
   453   197   344
   337   220   243
   466    75   356
   493     2   238
   502   123   315
   617   -11   307
   498   503   544
   334    79   124
   349    85   159
   274   280   318
   348   150   314
   360   122   172
   178    96   260
   525  1022   892
   368   230   357
   407     6   252
   532   850   881
   259   498   413
   449   333   378
   323   111   172
   302    19   104
   233   148   182
   479    76   213
   242   129   214
   247     8    93
   535   527   451
   498   184   304
   442   495   542
   512    28   262
   490   116   216
   283    66   144
   339     2   134
   539   182   371
   494   268   374
   331   436   491
   287   176   279
   396   143   255
   214   111   246
   346    96   191
   350    63   169
   268    48   157
   555    62   259
   344    78   158
   296    33   152
   764   135   449
   244   249   262
   437   383   358
   450   350   455
   276   -27   135
   351    20   159
   430   254   481
   282   434   389
   453    -7   136
   252   123   258
   398    22   161
   467    -2   230
   161    38    73
   393    89   290
   325    66   200
   341   139   212
   249   126   170
   339   489   592
   263   326   316
   405    20   198
   320     5    96
   359   127   211
   484   184   264
   363   114   173
   354     3   136
   309   105   163
   228   687   713
   454    42   195
   339   153   179
   449   183   370
   321   303   395
   439   126   337
   301   438   432
   357  1220  1288
   329     4   123
   306   117   190
   354    -5    76
   308    67   111
   384    -2   205
   181    10   107
   368   -30   156
   548    62   200
   450   292   378
   370   208   361
   327    36   218
   530   320   444
   354   137   278
   348    73   215
   405   184   292
   467   322   360
   366    31   219
   258   331   321
   300   337   334
   329    47   133
   280    -7   236
   576   257   394
   419   198   302
   297    97   218
   535   188   362
   528   121   298
   318    34   155
   343    73   160
   335   -16   146
   268    22   231
   663   769   786
   409   700   694
   334    99   203
   267   122   154
   289   117   157
   497   448   529
   330   174   216
   489   152   354
   238   802   659
   484   131   343
   352    -6    66
   391    40   139
   378   136   210
   227   324   311
   293   234   352
   718   184   426
   355    46   141
   314    35    84
   271    33   114
   230   199   185
   394   243   280
   226    20   102
   412   106   188
   327   294   413
   294     4   106
   414   373   487
   430   107   276
   410   307   337
   519   189   325
   211    58   138
   372     2   116
   300   110   201
   344     2   197
   654   669   719
   280    97   220
   266   353   386
   506     8   262
   541  1055  1001
   392    69   191
   373    49   289
   588   485   503
   628   325   606
   439   171   308
   547   713   684
   419   247   377
   467    37   215
   524   559   613
   310   113   201
   511   113   345
   497  1069  1147
   358   230   275
   325   176   287
   284    40   115
   378    31   197
   255   138   260
   418   769   776
   225   180   206
   492     0    53
   416   129   334
   275   166   331
   313    -1   112
   415   370   489
   456     0   188
   296    -4    96
   312    43   218
   468    -5   139
   430    51   256
   474   471   528
   424   283   384
   253   102   183
   617   905   817
   461   242   304
   334    38   174
   235     3    58
   332   -12   129
   418   -27   165
   318   266   297
   347    25   162
   353    -6    65
   312   142   171
   444   226   420
   398   625   480
   385   149   209
   307    -1    58
   473    67   271
   333     9   125
   373    91   227
   284    82   158
   506    54   235
   451   442   515
   445   640   565
   297   303   312
   401    43   149
   235   136   124
   297   -13   132
   332   578   648
   570   311   513
   449   528   583
   278    63   168
   306   114   206
   262    98   166
   265   269   329
   365   100   266
   301     2   121
   334   201   269
   586   591   786
   223   145   186
   400     0   155
   418    -5   309
   546   199   288
   263   276   345
   202    95   157
   220    58    70
   270   186   236
   256    38   132
   305   164   370
   311   111   184
   553    42   348
   460     3   242
   262   -14    79
   733   331   617
   452   414   578
   343   121   235
   344    -3    66
   286   -10   138
   385   -12   215
   444    25   201
   467    -4   179
   316   122   245
   417   685   637
   326     1   124
   265    -1    68
   324   -14   166
   257   109   223
   635   559   654
   643   226   529
   391    -5   170
   277    30    74
   340     1   136
   482   486   518
   432     2    81
   360     2    67
   330   253   295
   342    -9   118
   296    13   152
   328     2    64
   490   512   599
   520   592   574
   311    57   237
   454   497   524
   492   170   350
   340   472   429
   536   694   762
   442   254   312
   332    47   233
   503   412   461
   550   241   400
   369   171   323
   270   135   217
   505   383   513
   335   141   236
   703   328   489
   443   275   418
   546   133   303
   535   309   338
   398   -21   121
   390     2    88
   448    -6   110
   364    89   149
   336    42   141
   292    64   237
   455   155   282
   281    84   154
   294   148   254
   455     4   100
   487    -6   132
   692   469   579
   397    22   119
   420   386   419
   315   -15    65
   279   322   414
   342   183   345
   322   195   241
   302    -3   281
   394   131   241
   571   188   284
   345    66   217
   236    36   204
   457   282   430
   384   241   231
   306    -1   100
   295   570   521
   278   891   816
   324   202   326
   263    73   172
   526    64   343
   250     1   117
   270   121   196
   479   620   575
   453   359   467
   495   195   338
   444   131   337
   382    81   174
   308    -1   242
   388   189   234
   296     3   131
   226    63   109
   351   140   232
   309    41   112
   439   182   368
   323    -2   100
   367     4    83
   284   -21   184
   621   499   742
   426   739   704
   428   455   408
   384   102   214
   501   412   524
   419   182   326
   235   176   335
   186   157   231
   197     8    77
   375     3   131
   304   105   250
   414   841   672
   412   235   329
   464   103   236
   374     1    60
   630   422   600
   354   645   676
   577    -4   265
   368   333   488
   289   131   178
   266   239   266
   321   140   228
   471   130   314
   386   200   259
   393     0   119
   371   705   585
   459   199   278
   458   464   556
   354   295   356
   344     4   114
   263   104   176
   241   112   181
   253    77   172
   464   333   400
   282     3    94
   345   530   508
   450   261   359
   230     8   188
   529   538   535
   456   116   304
   384    -8   166
   395    50   278
   451     3   193
   515   748   791
   337    -8   188
   283   204   211
   349   509   571
   393    75   215
   496   342   392
   709   245   564
   452   130   309
   400    96   205
   445  1826  1919
   504   152   280
   375    61   263
   406   260   331
   457   322   517
   355    28   245
   474   224   361
   281     1    93
   471    -1    96
   306    60    99
   307   690   684
   380   606   590
   193    95   176
   530     3   225
   367    70   229
   620    27   248
   283     1    63
   349    83   188
   436   547   464
   258    -1   120
   342    18   195
   409   125   225
   353    -1   155
   473   660   557
   255   162   202
   480   396   461
   343     4    46
   352   246   298
   395   218   307
   303   179   218
   288    77   209
   435   311   500
   354   417   470
   352   120   194
   568   224   263
   537   219   430
   380   422   470
   482   902   854
   538   107   305
   220   152   198
   430  1126  1010
   319   396   399
   234   311   358
   298   120   192
   275    18   105
   431     1    50
   667   974   854
   378    -2   108
   229     9   115
   407   245   453
   422    79   235
   384   103   227
   384   178   267
   338     1   125
   307    24   106
   308    52   158
   436   468   445
   485   410   579
   344     8   154
   287    89   189
   479   120   252
   312    76   134
   314    -1    70
   407    40    74
   492   262   393
   492    47   210
   542    -5   184
   365     4   112
   536   121   439
   381   690   859
   295   -25    96
   284     0   133
   275   164   213
   474   328   417
   271    16   171
   547   320   435
   290    35   106
   243   112   132
   337   121   208
   400   343   496
   389   593   542
   195    45   164
   243     9    61
   417   228   339
   399    45   264
   474    36   208
   423   268   365
   390   334   333
   376    61   192
   330   272   235
   274    44   101
   379     2   214
   313    44   158
   562   328   483
   528   316   362
   256    32   118
   318     2    83
   389     1   131
   332   298   341
   320    -1   102
   297   132   161
   411   438   490
   243   148   128
   269   140   219
   488    57   197
   387   184   265
   436   451   503
   528     9   208
   365    62   149
   287     2    89
   315   -10    62
   516   382   463
   328   248   360
   448   354   449
   490    76   256
   290   271   366
   319   376   438
   225    14   110
   259    36    99
   397     3   136
   248    45   110
   265   247   241
   363    91   262
   241    21    94
   375    -2   118
   180   142   154
   453   714   667
   337   -10    83
   269    93   198
   533   334   520
   354   314   321
   319   773   749
   203   126   260
   291     7    57
   242   338   365
   323    35   165
   306     8   149
   317    -1    73
   311   132   284
   307   242   276
   356   187   255
   267     2   106
   263    96   169
   483   366   413
   204    -5   103
   278   164   247
   479   236   314
   552   318   500
   577   227   408
   366    20   170
   237     0   137
   353     2    97
   273    49    96
   234   402   332
   283   249   226
   322    16   152
   499    -1   151
   455   430   488
   414     4   121
   460     5   204
   659   559   641
   320   249   350
   344   172   279
   268   247   373
   322    24   162
   387   466   377
   246   328   461
   269     1   141
   325   -11    71
   233   263   261
   587     0   239
   588   378   531
   194    11    67
   458    -3   122
   212    -1    59
   306    68   126
   276     0    88
   452   -10    80
   382    98   261
   525   682   678
   351    -1   120
   433     1   147
   334    74   189
   458   204   350
   291   106   115
   352   347   546
   260     3    76
   229   133   160
   326    40   170
   351    75   119
   234    -1    81
   352   437   511
   287    30   132
   285     4   103
   254   349   399
   197   136   204
   241    -1    93
   251    45   129
   249   299   342
   434   525   474
   424   -10   233
   404    -4   183
   577   207   343
   462   200   339
   391    28   211
   344   155   295
   405    67   300
   367   321   450
   449     4   265
   354   142   348
   388   205   286
   199    36    83
   370    68   152
   269   133   201
   430     1   222
   299   275   354
   227    15   161
   397    48   208
   338     2   122
   463   151   477
   453     1   153
   247     1   148
   371   300   318
   639   285   448
   396   277   407
   481    56   228
   511   304   535
   492   160   307
   238    52    74
   278    10   186
   367    -3   117
   322    95   175
   297    -4    78
   453   139   287
   408     1   286
   408   164   233
   310     1    59
   513   684   570
   204    16    94
   396   376   505
   272   273   314
   259     2    75
   239   109   176
   278   120   216
   560   377   404
   262    27    98
   241   171   254
   340   243   313
   282     0    79
   248    -5   137
   339    72   154
   494   380   493
   495    42   289
   397     2   126
   729   162   421
   516    -6   224
   452   203   388
   346   466   462
   440   598   717
   423    82   227
   437   327   332
   229   121   218
   303   356   435
   468   124   301
   290   364   418
   333   364   521
   737   706   816
   364   375   409
   599   362   484
   480   287   386
   391   373   393
   311    -1   144
   313     5    57
   627   443   587
   364   401   385
   197     6    47
   248    35   185
   483   224   304
   270    23   102
   594   204   387
   389   165   350
   346   430   464
   294     1    69
   436   343   444
   336   112   233
   415   668   609
   307    36   145
   455  1153  1087
   349   126   237
   426    28   177
   310   106   246
   257   470   588
   252    48    82
   518   184   398
   513   431   486
   339    -6   119
   455    -9    72
   549   649   657
   231     2   106
   379    -6   134
   312    -4    88
   416    56   187
   436    45   176
   412   353   421
   320   208   376
   319   709   615
   293   237   324
   293   187   277
   452   685   632
   320    98   226
   365   -14   225
   292    56   247
   330     3   103
   313    -3   171
   529     1   181
   384    64   221
   250     3    90
   389   666   622
   525   937   994
   350   110   203
   366    99   115
   465   163   280
   323    -5    60
   384    -1    95
   310    -5   131
   582   625   657
   322    84   192
   242   238   296
   405   202   331
   361   297   292
   298    -7   102
   300   131   244
   223    24    34
   420   583   584
   396   171   277
   296    42   160
   427   400   383
   269   121   149
   498   170   334
   365    32   291
   407     2   169
   264   229   238
   487   322   379
   462    53   175
   398   212   300
   303   468   411
   247   143   182
   381   224   442
   326     3   135
   235   200   352
   305   112   199
   290    73   214
   406    11   184
   371   233   272
   264    82   122
   505   456   580
   323   147   211
   392    66   203
   398   299   279
   530   202   293
   307    44   132
   448   227   449
   256     9    76
   660   255   380
   375    63   209
   317    72   154
   304     2    39
   219   125   184
   388   -15   148
   261    91   166
   501    17   208
   236   206   168
   356   352   407
   420   228   392
   416   186   289
   309   135   224
   273   187   223
   399   327   436
   512   564   735
   413   163   247
   370    -1    90
   429    31   120
   373   121   290
   391   324   453
   274    10    50
   396   139   263
   284    78   189
   313   166   263
   436    -1   185
   247    27   202
   400   577   574
   397   341   499
   463   246   398
   611   485   612
   354    29   146
   547   610   723
   340     5    60
   325     4    75
   516    17   235
   439    81   216
   487   504   491
   412   498   524
   395    53   164
   393   695   685
   317    47    91
   332   174   188
   376    23   124
   241    20   189
   464   665   685
   377   205   260
   344     3    80
   329     0    21
   290    84   210
   394   192   385
   449   507   590
   397   257   253
   457   124   257
   356    69   198
   440   380   498
   205   138   268
   270   503   487
   276    -2   126
   495   400   505
   332   121   256
   306   273   294
   668   662   735
   314   240   398
   376   125   255
   264   115   178
   233    18    79
   380   825   701
   493   105   457
   327    -5   169
   327   219   299
   484   274   515
   327    61   174
   349   362   359
   457   175   321
   437    -3   112
   470   195   259
   263    73   156
   266    96   238
   228   166   232
   383   304   383
   332   337   374
   331     1   195
   469   559   565
   287   196   264
   564   595   728
   534    -1   371
   199   138   221
   380   878   746
   280   131   243
   248    35   134
   184    32    54
   321    86   146
   397    25   161
   339     8   154
   471   -19   157
   240   242   365
   319     3    91
   444   356   418
   320    -3   126
   422    95   275
   309   199   290
   464   328   413
   450    89   392
   298   385   378
   449   325   403
   410     0    76
   339    92   176
   398    34   227
   359   163   267
   360   246   326
   414   281   470
   508   456   609
   239     1    96
   247    56   159
   539   576   570
   337   598   570
   431    49   297
   361    55   245
   312   162   253
   397    -5   177
   275    14   176
   303     5   132
   444    97   348
   192    55   140
   337    99   154
   429   149   281
   702  1541  1382
   327    27   118
   341   221   217
   263   132   277
   329   223   367
   326   187   297
   330   307   341
   386     2   187
   415   108   269
   300     0    71
   293   442   433
   281    32   105
   221    68   140
   433     4   141
   265    -3   120
   317   373   457
   521    16   290
   237    22   116
   272    85   137
   563    59   367
   343   228   325
   358   862   758
   381   297   387
   360   142   209
   435   133   289
   329     6   176
   443   110   243
   452   357   483
   350   195   280
   364    -2   180
   415   137   314
   241    81   157
   339     0    68
   327   268   360
   254   159   206
   437   108   204
   284    -7   150
   646   796   765
   393    -6   103
   318   218   204
   402   158   261
   382    76   149
   197    80    94
   541    39   271
   615   857   963
   328   475   459
   268     4    95
   444   483   470
   323   166   187
   486   310   440
   342   682   661
   218   266   224
   307   771   696
   440   -18   150
   185    26    63
   324   341   357
   237   262   320
   323    -1    86
   254    91   132
   337     4    72
   397   272   322
   612   422   529
   258    -4   134
   664    21   307
   331   282   366
   695   435   563
   382   546   550
   347   203   275
   346   754   694
   537  1023   951
   387   235   284
   259    34   134
   268   161   192
   667   180   331
   406    -2   170
   551   512   555
   316   134   191
   327   206   360
   547   362   525
   345    -3    89
   588   933   928
   472   815   821
   319    54   136
   235   431   374
   425   145   231
   451     2   119
   365     2   122
   202   358   398
   249    -4    77
   308    23   177
   412   328   452
   503   227   418
   386     2    94
   337   406   503
   456   236   437
   348   453   498
   215     1   140
   271   182   361
   324   225   324
   372   885   972
   428   401   437
   493    91   269
   302    61   186
   257    59   127
   306    60   298
   410    42   192
   513    94   297
   448     1   118
   540   172   283
   352   111   281
   411   507   514
   326   366   349
   429   203   264
   416    -3    94
   253     3    88
   457   445   537
   362    53   185
   385     2   126
   338   217   234
   273    -2   152
   424    -1   131
   236     7    92
   373    83   306
   305    50   175
   523   339   436
   404    -2    98
   376   118   291
   378    46   180
   531   255   406
   373   115   167
   225    38    87
   251   -25   164
   280    -6    76
   757   845   886
   376    66   158
   344   119   202
   391   567   694
   688   512   617
   608   509   670
   363   150   239
   248    63   167
   320    -2   113
   343    97   231
   233   513   506
   288    73   198
   429   167   261
   234    87   154
   565   172   387
   329   133   313
   278    94   156
   552   141   301
   349   315   414
   249   131   250
   351    -7   259
   453    59   224
   327    85   185
   216    34   133
   288   226   239
   375    35   150
   450   -15   223
   206    73    97
   749   298   554
   283     9   103
   280   978   880
   404   129   298
   404     1    82
   464   230   352
   327    -1    60
   279     3    65
   460    -1   238
   494    18   183
   302   425   383
   458    -2   226
   432     0   245
   378   163   338
   270     1    98
   241     1    16
   305    48   153
   332    92   246
   285   267   316
   339     0    89
   268   -12    33
   512   309   409
   398    29   187
   349   577   662
   609   288   369
   466   517   585
   502   206   380
   624   492   634
   493    83   239
   561   193   411
   274   117   209
   483   199   356
   332    74   185
   341     0   166
   466   272   400
   238   413   474
   299   129   212
   228    -7   106
   208    25    57
   418    26   213
   391     0   145
   341   261   268
   293     3   142
   361   -11   182
   240    77   171
   379     0   111
   358   241   330
   359   -17   124
   362    85   234
   406    89   198
   288     0   132
   289    70   138
   202   193   190
   480   581   618
   413    -3   133
   308    73   193
   431   563   577
   301     3   147
   323     2   205
   397    54   234
   499   224   340
   360   176   257
   356     2   139
   302     7   133
   361   140   336
   422   269   353
   363   480   514
   642   386   485
   251    -2    78
   334   125   337
   384    58   234
   381   329   339
   355    96   186
   290   245   285
   572  1018  1021
   375   457   511
   218    63   136
   587   214   360
   250    -3    85
   369   276   361
   264   193   328
   538   424   591
   272   331   303
   401   186   275
   454   286   514
   384     2   220
   436   111   269
   309   -21   226
   406    46   302
   251     1   266
   317     2   182
   336     5   169
   394   493   441
   455   260   357
   410   588   700
   312    77   180
   383   147   307
   364     0   104
   407     4    76
   320    10   191
   266     4   143
   390    99   309
   230    51   126
   413   227   316
   388    59   264
   385   519   553
   320   393   431
   263    25   144
   274    88   148
   314   141   214
   510    99   326
   468     4   282
   657   402   492
   401    -3   130
   443    -5    98
   399    -2   119
   507   541   552
   290   121   144
   261    19   158
   511    25   178
   459   468   662
   477   344   366
   319   157   225
   397   354   430
   419    73   209
   251    57   137
   448   291   264
   512    -3   133
   321    24   173
   240   253   329
   286   163   192
   332   290   409
   210    21    65
   255    27   175
   434   423   447
   443   262   466
   310   475   491
   311    43   126
   359     1    75
   308   715   604
   548   243   434
   441   132   253
   338   330   396
   407    -1   103
   384     2   115
   297   112   237
   305    70   208
   259   201   218
   268   104   234
   277   211   247
   189    10   104
   272    33   127
   236    70   178
   523   258   492
   311    87   131
   318    47   170
   437    51   268
   236    14    56
   697   204   390
   503    79   375
   432    33   171
   358   292   343
   352   139   147
   372    -4   269
   277    44   120
   495   287   469
   227   118   158
   365    68   176
   491   801   873
   454   366   471
   370   426   591
   403   159   303
   414   190   431
   457   -14   219
   295    45   153
   345   785   631
   434   128   266
   413   171   253
   564   412   583
   265    71   160
   254    49   126
   518   240   429
   621    12   294
   377   201   324
   336    12   180
   446   368   493
   216     5    86
   389   322   369
   552   327   415
   409     4   207
   426    47   170
   451   287   363
   338   131   156
   628   991  1033
   471   253   415
   273   107   194
   236   120   179
   473    12   273
   339     4   139
   640   349   416
   476    98   276
   367    49   161
   298   422   494
   217   308   318
   220   296   350
   236   101   147
   336   142   215
   579   146   362
   524   283   373
   389   158   252
   327   274   315
   339    -1    33
   272     2    47
   271   159   232
   438    43   203
   324    44   137
   420   246   316
   306  1075  1100
   327   175   274
   327     3    65
   385   115   199
   583   245   427
   424    -2   156
   525   416   569
   450   608   737
   483   278   358
   313    -1    93
   335   335   326
   308     1    98
   282   171   269
   412     1   211
   261    -5    62
   336   469   478
   423   163   337
   402   862   852
   300    -8    81
   291    46    78
   341   272   292
   257   264   337
   453   141   274
   389   183   233
   372   278   337
   180   129   113
   305   315   341
   342   187   238
   393   255   351
   183   115   143
   368   369   542
   408   542   515
   386   238   333
   283    50   135
   300   250   369
   619   353   445
   212    91   187
   266   234   308
   291    23   144
   277     3   111
   505   373   509
   412   337   407
   333    51   252
   307     1   279
   371   457   441
   287   330   334
   259    14   160
   421   182   281
   569    10   222
   239   127   175
   232    57   106
   357   163   173
   515    98   553
   286    -1   109
   340    -8   164
